{"contracts\\NftMarketPlace.sol":{"l":{"75":0,"76":0,"77":0,"79":0,"86":0,"87":0,"88":0,"89":0,"91":0,"98":0,"99":0,"100":0,"102":0,"118":0,"120":0,"127":0,"128":0,"130":0,"133":0,"134":0,"144":0,"145":0,"146":0,"148":0,"149":0,"150":0,"151":0,"158":0,"159":0,"166":0,"167":0,"173":0,"174":0,"175":0,"177":0,"178":0,"179":0,"180":0,"189":0,"194":0},"path":"C:\\Users\\lenovo\\Desktop\\blockchains\\hardhat-nft-marketplace-hm\\contracts\\NftMarketPlace.sol","s":{"1":0,"2":0,"3":0,"4":0,"5":0,"6":0,"7":0,"8":0,"9":0,"10":0,"11":0,"12":0,"13":0,"14":0,"15":0,"16":0,"17":0,"18":0,"19":0,"20":0,"21":0,"22":0,"23":0,"24":0,"25":0,"26":0,"27":0},"b":{"1":[0,0],"2":[0,0],"3":[0,0],"4":[0,0],"5":[0,0],"6":[0,0],"7":[0,0],"8":[0,0]},"f":{"1":0,"2":0,"3":0,"4":0,"5":0,"6":0,"7":0,"8":0,"9":0,"10":0},"fnMap":{"1":{"name":"notListed","line":71,"loc":{"start":{"line":71,"column":4},"end":{"line":80,"column":4}}},"2":{"name":"isOwner","line":82,"loc":{"start":{"line":82,"column":4},"end":{"line":92,"column":8}}},"3":{"name":"isListed","line":94,"loc":{"start":{"line":94,"column":8},"end":{"line":103,"column":8}}},"4":{"name":"listItem","line":116,"loc":{"start":{"line":110,"column":4},"end":{"line":136,"column":4}}},"5":{"name":"buyItem","line":142,"loc":{"start":{"line":137,"column":4},"end":{"line":152,"column":8}}},"6":{"name":"cancelListing","line":156,"loc":{"start":{"line":154,"column":8},"end":{"line":161,"column":8}}},"7":{"name":"updateListing","line":165,"loc":{"start":{"line":163,"column":8},"end":{"line":169,"column":8}}},"8":{"name":"widthrawProceeds","line":171,"loc":{"start":{"line":171,"column":8},"end":{"line":182,"column":8}}},"9":{"name":"getListing","line":187,"loc":{"start":{"line":187,"column":8},"end":{"line":191,"column":8}}},"10":{"name":"getProceeds","line":193,"loc":{"start":{"line":193,"column":8},"end":{"line":196,"column":8}}}},"statementMap":{"1":{"start":{"line":75,"column":8},"end":{"line":75,"column":64}},"2":{"start":{"line":76,"column":8},"end":{"line":76,"column":1929}},"3":{"start":{"line":86,"column":12},"end":{"line":86,"column":44}},"4":{"start":{"line":87,"column":12},"end":{"line":87,"column":48}},"5":{"start":{"line":88,"column":12},"end":{"line":88,"column":2278}},"6":{"start":{"line":98,"column":12},"end":{"line":98,"column":68}},"7":{"start":{"line":99,"column":12},"end":{"line":99,"column":2582}},"8":{"start":{"line":118,"column":12},"end":{"line":118,"column":3070}},"9":{"start":{"line":127,"column":13},"end":{"line":127,"column":46}},"10":{"start":{"line":128,"column":13},"end":{"line":128,"column":3454}},"11":{"start":{"line":133,"column":13},"end":{"line":133,"column":72}},"12":{"start":{"line":134,"column":13},"end":{"line":134,"column":70}},"13":{"start":{"line":144,"column":12},"end":{"line":144,"column":71}},"14":{"start":{"line":145,"column":12},"end":{"line":145,"column":4009}},"15":{"start":{"line":148,"column":12},"end":{"line":148,"column":87}},"16":{"start":{"line":150,"column":12},"end":{"line":150,"column":87}},"17":{"start":{"line":151,"column":12},"end":{"line":151,"column":78}},"18":{"start":{"line":159,"column":12},"end":{"line":159,"column":62}},"19":{"start":{"line":166,"column":12},"end":{"line":166,"column":59}},"20":{"start":{"line":167,"column":12},"end":{"line":167,"column":70}},"21":{"start":{"line":173,"column":12},"end":{"line":173,"column":53}},"22":{"start":{"line":174,"column":12},"end":{"line":174,"column":5255}},"23":{"start":{"line":177,"column":12},"end":{"line":177,"column":37}},"24":{"start":{"line":178,"column":12},"end":{"line":178,"column":76}},"25":{"start":{"line":179,"column":12},"end":{"line":179,"column":5476}},"26":{"start":{"line":189,"column":12},"end":{"line":189,"column":50}},"27":{"start":{"line":194,"column":12},"end":{"line":194,"column":37}}},"branchMap":{"1":{"line":76,"type":"if","locations":[{"start":{"line":76,"column":8},"end":{"line":76,"column":8}},{"start":{"line":76,"column":8},"end":{"line":76,"column":8}}]},"2":{"line":88,"type":"if","locations":[{"start":{"line":88,"column":12},"end":{"line":88,"column":12}},{"start":{"line":88,"column":12},"end":{"line":88,"column":12}}]},"3":{"line":99,"type":"if","locations":[{"start":{"line":99,"column":12},"end":{"line":99,"column":12}},{"start":{"line":99,"column":12},"end":{"line":99,"column":12}}]},"4":{"line":118,"type":"if","locations":[{"start":{"line":118,"column":12},"end":{"line":118,"column":12}},{"start":{"line":118,"column":12},"end":{"line":118,"column":12}}]},"5":{"line":128,"type":"if","locations":[{"start":{"line":128,"column":13},"end":{"line":128,"column":13}},{"start":{"line":128,"column":13},"end":{"line":128,"column":13}}]},"6":{"line":145,"type":"if","locations":[{"start":{"line":145,"column":12},"end":{"line":145,"column":12}},{"start":{"line":145,"column":12},"end":{"line":145,"column":12}}]},"7":{"line":174,"type":"if","locations":[{"start":{"line":174,"column":12},"end":{"line":174,"column":12}},{"start":{"line":174,"column":12},"end":{"line":174,"column":12}}]},"8":{"line":179,"type":"if","locations":[{"start":{"line":179,"column":12},"end":{"line":179,"column":12}},{"start":{"line":179,"column":12},"end":{"line":179,"column":12}}]}}},"contracts\\test\\BasicNft.sol":{"l":{"13":3,"18":0,"19":0,"20":0,"25":0,"30":0},"path":"C:\\Users\\lenovo\\Desktop\\blockchains\\hardhat-nft-marketplace-hm\\contracts\\test\\BasicNft.sol","s":{"1":3,"2":0,"3":0,"4":0,"5":0,"6":0},"b":{},"f":{"1":3,"2":0,"3":0,"4":0},"fnMap":{"1":{"name":"constructor","line":12,"loc":{"start":{"line":12,"column":4},"end":{"line":15,"column":4}}},"2":{"name":"mintNft","line":17,"loc":{"start":{"line":17,"column":4},"end":{"line":22,"column":4}}},"3":{"name":"tokenURI","line":24,"loc":{"start":{"line":24,"column":4},"end":{"line":27,"column":4}}},"4":{"name":"getTokenCouter","line":29,"loc":{"start":{"line":29,"column":4},"end":{"line":32,"column":4}}}},"statementMap":{"1":{"start":{"line":13,"column":8},"end":{"line":13,"column":25}},"2":{"start":{"line":18,"column":8},"end":{"line":18,"column":45}},"3":{"start":{"line":19,"column":8},"end":{"line":19,"column":42}},"4":{"start":{"line":20,"column":8},"end":{"line":20,"column":29}},"5":{"start":{"line":25,"column":8},"end":{"line":25,"column":24}},"6":{"start":{"line":30,"column":8},"end":{"line":30,"column":29}}},"branchMap":{}}}