TN:
SF:C:\Users\lenovo\Desktop\blockchains\hardhat-nft-marketplace-hm\contracts\NftMarketPlace.sol
FN:71,notListed
FN:82,isOwner
FN:94,isListed
FN:116,listItem
FN:142,buyItem
FN:156,cancelListing
FN:165,updateListing
FN:171,widthrawProceeds
FN:187,getListing
FN:193,getProceeds
FNF:10
FNH:0
FNDA:0,notListed
FNDA:0,isOwner
FNDA:0,isListed
FNDA:0,listItem
FNDA:0,buyItem
FNDA:0,cancelListing
FNDA:0,updateListing
FNDA:0,widthrawProceeds
FNDA:0,getListing
FNDA:0,getProceeds
DA:75,0
DA:76,0
DA:77,0
DA:79,0
DA:86,0
DA:87,0
DA:88,0
DA:89,0
DA:91,0
DA:98,0
DA:99,0
DA:100,0
DA:102,0
DA:118,0
DA:120,0
DA:127,0
DA:128,0
DA:130,0
DA:133,0
DA:134,0
DA:144,0
DA:145,0
DA:146,0
DA:148,0
DA:149,0
DA:150,0
DA:151,0
DA:158,0
DA:159,0
DA:166,0
DA:167,0
DA:173,0
DA:174,0
DA:175,0
DA:177,0
DA:178,0
DA:179,0
DA:180,0
DA:189,0
DA:194,0
LF:40
LH:0
BRDA:76,1,0,0
BRDA:76,1,1,0
BRDA:88,2,0,0
BRDA:88,2,1,0
BRDA:99,3,0,0
BRDA:99,3,1,0
BRDA:118,4,0,0
BRDA:118,4,1,0
BRDA:128,5,0,0
BRDA:128,5,1,0
BRDA:145,6,0,0
BRDA:145,6,1,0
BRDA:174,7,0,0
BRDA:174,7,1,0
BRDA:179,8,0,0
BRDA:179,8,1,0
BRF:16
BRH:0
end_of_record
TN:
SF:C:\Users\lenovo\Desktop\blockchains\hardhat-nft-marketplace-hm\contracts\test\BasicNft.sol
FN:12,constructor
FN:17,mintNft
FN:24,tokenURI
FN:29,getTokenCouter
FNF:4
FNH:1
FNDA:3,constructor
FNDA:0,mintNft
FNDA:0,tokenURI
FNDA:0,getTokenCouter
DA:13,3
DA:18,0
DA:19,0
DA:20,0
DA:25,0
DA:30,0
LF:6
LH:1
BRF:0
BRH:0
end_of_record
